Línea 1. Directiva EQU sin etiqueta
Línea 2. Directiva EQU sin etiqueta
Línea 3. Argumento fuera de rango
Línea 6. El argumento no es un numero bien formado
Línea 7. El argumento no es un numero bien formado
Línea 8. Argumento fuera de rango
Línea 9. El argumento no es un numero bien formado
linea 10 El codop no comienza con letra
Línea 23. El argumento no es un numero bien formado
Línea 24. El argumento no es un numero bien formado
Línea 25. Argumento fuera de rango
Línea 28. Error, no puede ser nulo el argumento.
linea 29 Error: Par de " no fue cerrado
linea 30 Error: Par de " no fue cerrado
linea 31 Error: Par de " no fue cerrado
Línea 32. El argumento no es un numero bien formado
Línea 33. Argumento fuera de rango
Línea 34. El argumento no es un numero bien formado
Línea 35. Argumento fuera de rango
Línea 36. La directiva ORG ya fue utilizada previamente
Línea 38. El argumento no es un numero bien formado
Línea 39. El argumento no es un numero bien formado
Línea 40. Argumento fuera de rango
linea 42. Etiqueta 'E3' redeclarada
